0 info it worked if it ends with ok
1 verbose cli [ '/Users/meso/.nodebrew/current/bin/node',
1 verbose cli   '/Users/meso/.nodebrew/current/bin/npm',
1 verbose cli   'publish' ]
2 info using npm@2.7.4
3 info using node@v0.12.2
4 verbose node symlink /Users/meso/.nodebrew/current/bin/node
5 verbose publish [ '.' ]
6 silly cache add args [ '.', null ]
7 verbose cache add spec .
8 silly cache add parsed spec { raw: '.',
8 silly cache add   scope: null,
8 silly cache add   name: null,
8 silly cache add   rawSpec: '.',
8 silly cache add   spec: '/Users/meso/tmp/ezoe/bin',
8 silly cache add   type: 'local' }
9 error addLocal Could not install /Users/meso/tmp/ezoe/bin
10 verbose stack Error: EISDIR, read
10 verbose stack     at Error (native)
11 verbose cwd /Users/meso/tmp/ezoe/bin
12 error Darwin 14.1.0
13 error argv "/Users/meso/.nodebrew/current/bin/node" "/Users/meso/.nodebrew/current/bin/npm" "publish"
14 error node v0.12.2
15 error npm  v2.7.4
16 error code EISDIR
17 error errno -21
18 error EISDIR, read
19 error If you need help, you may report this error at:
19 error     <https://github.com/npm/npm/issues>
20 verbose exit [ -21, true ]
